0 verbose cli C:\Program Files\nodejs\node.exe C:\Program Files\nodejs\node_modules\npm\bin\npm-cli.js
1 info using npm@10.7.0
2 info using node@v22.1.0
3 silly config:load:file:C:\Program Files\nodejs\node_modules\npm\npmrc
4 silly config:load:file:C:\Users\Ade\.npmrc
5 silly config:load:file:C:\Users\Ade\Desktop\Finance ts\UsersAdeAppDataRoamingnpm\etc\npmrc
6 verbose title npm exec app.ts -w
7 verbose argv "exec" "--" "app.ts" "-w"
8 verbose logfile logs-max:10 dir:C:\Users\Ade\Desktop\Finance ts\UsersAdeAppDataLocalnpm-cache\_logs\2024-07-07T16_46_48_191Z-
9 verbose logfile C:\Users\Ade\Desktop\Finance ts\UsersAdeAppDataLocalnpm-cache\_logs\2024-07-07T16_46_48_191Z-debug-0.log
10 silly logfile done cleaning log files
11 http fetch GET https://registry.npmjs.org/app.ts attempt 1 failed with ENOENT
12 http fetch GET https://registry.npmjs.org/app.ts attempt 2 failed with ENOENT
13 http fetch GET https://registry.npmjs.org/app.ts attempt 3 failed with ENOENT
14 verbose type system
15 verbose stack FetchError: request to https://registry.npmjs.org/app.ts failed, reason: getaddrinfo ENOENT registry.npmjs.org
15 verbose stack     at ClientRequest.<anonymous> (C:\Program Files\nodejs\node_modules\npm\node_modules\minipass-fetch\lib\index.js:130:14)
15 verbose stack     at ClientRequest.emit (node:events:520:28)
15 verbose stack     at _destroy (node:_http_client:882:13)
15 verbose stack     at onSocketNT (node:_http_client:902:5)
15 verbose stack     at process.processTicksAndRejections (node:internal/process/task_queues:83:21)
16 verbose cwd C:\Users\Ade\Desktop\Finance ts
17 verbose Windows_NT 10.0.14393
18 verbose node v22.1.0
19 verbose npm  v10.7.0
20 error code ENOENT
21 error syscall getaddrinfo
22 error errno ENOENT
23 error enoent request to https://registry.npmjs.org/app.ts failed, reason: getaddrinfo ENOENT registry.npmjs.org
24 error enoent This is related to npm not being able to find a file.
24 error enoent
25 verbose exit 1
26 verbose code 1
27 error A complete log of this run can be found in: C:\Users\Ade\Desktop\Finance ts\UsersAdeAppDataLocalnpm-cache\_logs\2024-07-07T16_46_48_191Z-debug-0.log
